TN:
SF:src\js\Popover.js
FN:2,(anonymous_0)
FN:11,(anonymous_1)
FN:12,(anonymous_2)
FN:24,(anonymous_3)
FN:33,(anonymous_4)
FN:43,(anonymous_5)
FN:51,(anonymous_6)
FN:55,(anonymous_7)
FN:75,(anonymous_8)
FNF:9
FNH:9
FNDA:6,(anonymous_0)
FNDA:6,(anonymous_1)
FNDA:6,(anonymous_2)
FNDA:4,(anonymous_3)
FNDA:5,(anonymous_4)
FNDA:2,(anonymous_5)
FNDA:20,(anonymous_6)
FNDA:5,(anonymous_7)
FNDA:5,(anonymous_8)
DA:3,6
DA:4,6
DA:5,6
DA:6,6
DA:8,6
DA:12,6
DA:13,6
DA:14,6
DA:16,6
DA:17,1
DA:19,5
DA:24,6
DA:25,4
DA:28,1
DA:34,5
DA:36,5
DA:37,5
DA:38,5
DA:40,5
DA:44,2
DA:46,2
DA:47,2
DA:48,2
DA:52,20
DA:56,5
DA:57,5
DA:59,5
DA:60,5
DA:62,5
DA:63,5
DA:64,5
DA:66,5
DA:67,5
DA:68,5
DA:70,5
DA:71,5
DA:72,5
DA:76,5
DA:78,5
DA:79,5
DA:82,5
DA:83,5
DA:85,5
DA:86,5
DA:87,5
DA:90,5
LF:46
LH:46
BRDA:2,0,0,0
BRDA:4,1,0,6
BRDA:4,1,1,0
BRDA:5,2,0,6
BRDA:5,2,1,0
BRDA:16,3,0,1
BRDA:16,3,1,5
BRDA:25,4,0,1
BRDA:25,4,1,3
BRDA:25,5,0,4
BRDA:25,5,1,1
BRDA:25,5,2,1
BRDA:34,6,0,0
BRDA:34,6,1,5
BRDA:44,7,0,0
BRDA:44,7,1,2
BRDA:52,8,0,20
BRDA:52,8,1,6
BRDA:76,9,0,0
BRDA:76,9,1,5
BRF:20
BRH:14
end_of_record
